 (475.8, 236.3) det=100.0% sharp=3578.0 size=24.3
  (197.1, 98.1) det=100.0% sharp=6261.6 size=24.0
  (385.6, 240.0) det=100.0% sharp=3433.1 size=24.0
  (338.0, 192.3) det=100.0% sharp=3682.0 size=23.9
  (337.7, 143.8) det=100.0% sharp=2585.1 size=23.5
  (148.5, -0.4) det=100.0% sharp=3240.1 size=23.6
  (196.3, 48.6) det=100.0% sharp=1631.6 size=23.1
  (356.5, 254.6) det=100.0% sharp=3791.3 size=24.5
  (352.4, 200.7) det=100.0% sharp=3516.3 size=24.5
  (251.7, 150.7) det=100.0% sharp=3078.8 size=24.3
  (401.1, 199.8) det=100.0% sharp=3432.3 size=24.3
  (199.9, 99.5) det=100.0% sharp=5962.0 size=24.0
  (551.5, 249.2) det=100.0% sharp=2903.0 size=24.0
  (49.8, -0.2) det=100.0% sharp=5565.1 size=24.0
  (100.0, 49.8) det=100.0% sharp=3737.9 size=24.0
  (405.1, 252.7) det=100.0% sharp=4562.9 size=24.0
  (0.1, -0.0) det=100.0% sharp=3141.0 size=24.0
  (50.0, 50.2) det=100.0% sharp=3234.1 size=24.0
  (150.2, 50.0) det=100.0% sharp=2932.3 size=24.0
  (151.1, 100.6) det=100.0% sharp=2694.7 size=24.0
  (202.1, 151.7) det=100.0% sharp=2633.0 size=24.0
  (303.7, 202.3) det=100.0% sharp=2827.6 size=24.0
  (450.1, 199.0) det=100.0% sharp=4068.3 size=23.8
  (300.4, 149.7) det=100.0% sharp=4139.7 size=23.8
  (453.8, 251.2) det=100.0% sharp=1858.9 size=23.8
  (398.6, 148.4) det=100.0% sharp=1635.8 size=23.8
  (503.2, 250.4) det=100.0% sharp=2040.8 size=23.8
  (100.1, 0.2) det=100.0% sharp=3031.8 size=23.8
  (149.8, 0.4) det=100.0% sharp=3018.1 size=23.8
  (199.4, 49.9) det=100.0% sharp=2512.9 size=23.8
  (250.1, 99.9) det=100.0% sharp=3373.7 size=23.8
  (248.1, 49.0) det=100.0% sharp=1618.3 size=23.5
  (336.1, 239.4) det=100.0% sharp=3126.5 size=24.5
  (380.6, 237.2) det=100.0% sharp=3386.6 size=24.3
  (196.6, 147.1) det=100.0% sharp=3086.2 size=24.3
  (195.4, 97.4) det=100.0% sharp=6055.7 size=24.0
  (49.8, -0.2) det=100.0% sharp=5480.5 size=24.0
  (334.1, 190.4) det=100.0% sharp=3794.1 size=24.0
  (288.5, 143.8) det=100.0% sharp=3664.3 size=24.0
  (242.5, 145.1) det=100.0% sharp=3216.4 size=24.0
  (468.5, 233.0) det=100.0% sharp=3663.9 size=24.0
  (512.1, 231.4) det=100.0% sharp=2909.3 size=24.0
  (0.1, 0.0) det=100.0% sharp=3186.2 size=24.0
  (50.0, 50.2) det=100.0% sharp=3182.4 size=24.0
  (100.0, 49.8) det=100.0% sharp=3772.6 size=24.0
  (148.6, 49.6) det=100.0% sharp=3076.2 size=24.0
  (424.5, 234.9) det=100.0% sharp=2319.5 size=24.0
  (380.2, 189.4) det=100.0% sharp=4876.4 size=23.8
  (334.4, 142.5) det=100.0% sharp=2524.6 size=23.8
  (380.7, 141.9) det=100.0% sharp=1608.4 size=23.8
  (243.7, 48.3) det=100.0% sharp=1672.7 size=23.3
  (148.4, -0.4) det=100.0% sharp=2363.5 size=23.3
  (147.8, 98.4) det=100.0% sharp=2676.1 size=23.8
  (289.9, 192.7) det=100.0% sharp=3704.8 size=23.8
  (100.1, 0.2) det=100.0% sharp=2990.8 size=23.8
  (424.9, 187.8) det=100.0% sharp=2587.6 size=23.4
  (195.9, 48.6) det=100.0% sharp=3107.3 size=23.3
  (335.2, 239.1) det=100.0% sharp=3248.4 size=24.5
  (512.9, 232.0) det=100.0% sharp=2714.0 size=24.2
  (243.0, 145.5) det=100.0% sharp=3140.7 size=24.1
  (195.6, 146.5) det=100.0% sharp=3699.9 size=24.3
  (379.5, 236.6) det=100.0% sharp=3548.0 size=24.0
  (289.1, 192.4) det=100.0% sharp=4240.4 size=24.0
  (334.4, 190.4) det=100.0% sharp=3774.9 size=24.0
  (148.3, 98.7) det=100.0% sharp=2665.9 size=24.0
  (289.0, 144.1) det=100.0% sharp=5722.1 size=23.8
  (425.2, 188.1) det=100.0% sharp=4379.7 size=23.8
  (424.3, 234.9) det=100.0% sharp=2140.5 size=23.8
  (469.2, 233.6) det=100.0% sharp=2365.4 size=23.9
  (148.5, -0.4) det=100.0% sharp=3204.7 size=23.5
  (195.8, 48.6) det=100.0% sharp=1452.6 size=23.0
  (243.2, 97.1) det=100.0% sharp=4101.7 size=23.5
  (522.3, 236.8) det=100.0% sharp=1804.6 size=23.8
  (196.9, 98.4) det=100.0% sharp=6139.9 size=24.0
  (383.7, 239.5) det=100.0% sharp=3442.4 size=24.0
  (244.7, 146.8) det=100.0% sharp=3314.9 size=24.0
  (429.9, 238.5) det=100.0% sharp=2432.6 size=24.0
  (432.0, 191.7) det=100.0% sharp=4379.8 size=23.8
  (149.1, -0.6) det=100.0% sharp=3111.1 size=23.5
  (198.0, 49.7) det=100.0% sharp=2775.1 size=23.5
  (339.5, 242.3) det=100.0% sharp=3300.0 size=24.5
  (341.4, 195.1) det=100.0% sharp=3494.5 size=24.3
  (196.6, 147.2) det=100.0% sharp=3509.1 size=24.3
  (292.5, 194.9) det=100.0% sharp=3879.0 size=24.0
  (534.7, 242.9) det=100.0% sharp=2978.9 size=24.0
  (294.0, 147.1) det=100.0% sharp=5721.1 size=23.8
  (438.5, 194.5) det=100.0% sharp=2485.9 size=23.5
  (149.7, -0.7) det=100.0% sharp=3386.7 size=23.5
  (198.4, 49.4) det=100.0% sharp=2961.9 size=23.3
  (520.4, 235.0) det=100.0% sharp=2589.4 size=24.3
  (197.1, 147.4) det=100.0% sharp=3725.2 size=24.3
  (475.9, 236.6) det=100.0% sharp=2087.7 size=24.0
  (148.9, 99.1) det=100.0% sharp=2683.3 size=24.0
  (428.7, 189.0) det=100.0% sharp=2190.9 size=23.3
  (244.0, 97.1) det=100.0% sharp=2152.3 size=23.3
  (340.8, 242.6) det=100.0% sharp=3316.9 size=24.3
  (385.0, 239.7) det=100.0% sharp=3419.7 size=24.0
  (520.6, 235.0) det=100.0% sharp=2841.6 size=24.2
  (292.9, 194.6) det=100.0% sharp=3391.0 size=23.8
  (429.3, 189.3) det=100.0% sharp=2598.0 size=23.4
  (384.6, 143.1) det=100.0% sharp=1693.2 size=23.8
  (431.0, 238.3) det=100.0% sharp=2378.1 size=23.5
  (148.7, 49.5) det=100.0% sharp=3264.2 size=23.8
  (244.5, 97.4) det=100.0% sharp=4208.2 size=23.5
  (488.3, 243.4) det=100.0% sharp=2502.6 size=23.9
  (343.4, 244.9) det=100.0% sharp=3319.1 size=24.3
  (391.8, 244.3) det=100.0% sharp=3414.0 size=24.3
  (197.8, 148.0) det=100.0% sharp=3684.9 size=24.3
  (295.6, 196.6) det=100.0% sharp=2796.4 size=23.5
  (198.4, 99.0) det=100.0% sharp=6293.8 size=24.0
  (535.9, 242.5) det=100.0% sharp=2882.5 size=24.0
  (149.5, 49.9) det=100.0% sharp=3076.7 size=24.0
  (149.3, 99.4) det=100.0% sharp=2646.5 size=24.0
  (439.3, 243.4) det=100.0% sharp=2297.7 size=24.0
  (295.4, 147.4) det=100.0% sharp=4702.5 size=23.7
  (392.0, 195.6) det=100.0% sharp=4758.6 size=23.8
  (439.9, 194.7) det=100.0% sharp=1776.9 size=23.3
  (247.8, 48.8) det=100.0% sharp=3617.0 size=23.8
  (343.1, 195.8) det=100.0% sharp=3679.9 size=23.8
  (393.9, 147.1) det=100.0% sharp=1649.7 size=23.8
  (246.9, 147.9) det=100.0% sharp=3175.8 size=24.1
  (150.3, 0.0) det=100.0% sharp=3210.7 size=23.8
  (198.8, 49.5) det=100.0% sharp=4502.3 size=23.5
  (247.4, 98.9) det=100.0% sharp=3954.6 size=23.5
  (200.9, 151.2) det=100.0% sharp=3431.7 size=24.3
  (302.5, 151.1) det=100.0% sharp=5847.5 size=24.0
  (200.6, 100.1) det=100.0% sharp=5966.6 size=24.0
  (150.1, 100.3) det=100.0% sharp=2758.0 size=24.0
  (458.5, 203.1) det=100.0% sharp=3475.1 size=23.5
  (459.8, 255.3) det=100.0% sharp=2127.7 size=23.8
  (149.9, -0.6) det=100.0% sharp=3287.6 size=23.5
  (199.7, 49.5) det=100.0% sharp=1284.2 size=23.0
  (337.3, 240.9) det=100.0% sharp=3310.2 size=24.5
  (290.3, 193.4) det=100.0% sharp=4113.7 size=24.3
  (337.6, 192.9) det=100.0% sharp=3830.5 size=24.3
  (429.6, 238.5) det=100.0% sharp=2183.3 size=24.0
  (246.4, 48.9) det=100.0% sharp=1639.3 size=23.5
  (196.1, 146.8) det=100.0% sharp=3589.1 size=24.5
  (380.0, 236.9) det=100.0% sharp=3317.3 size=24.3
  (335.3, 239.1) det=100.0% sharp=3230.6 size=24.3
  (289.7, 192.7) det=100.0% sharp=3272.2 size=23.7
  (512.6, 231.7) det=100.0% sharp=2895.9 size=24.0
  (469.0, 233.6) det=100.0% sharp=2134.2 size=24.0
  (423.6, 187.2) det=100.0% sharp=1825.1 size=23.3
  (334.3, 190.4) det=100.0% sharp=3778.1 size=23.9
  (335.4, 143.2) det=100.0% sharp=1877.6 size=23.3
  (195.4, 146.5) det=100.0% sharp=3823.5 size=24.0
  (513.3, 232.3) det=100.0% sharp=2802.9 size=24.0
  (196.1, 97.7) det=100.0% sharp=6114.7 size=24.0
  (380.1, 236.9) det=100.0% sharp=3444.2 size=24.0
  (425.3, 188.1) det=100.0% sharp=4284.3 size=24.0
  (243.8, 48.0) det=100.0% sharp=1581.4 size=23.8
  (381.3, 142.2) det=100.0% sharp=1735.8 size=23.8
  (149.4, 0.3) det=100.0% sharp=3208.6 size=23.8
  (196.8, 49.3) det=100.0% sharp=3429.6 size=23.4
  (545.3, 248.2) det=100.0% sharp=2698.5 size=24.5
  (197.6, 148.0) det=100.0% sharp=3486.4 size=24.5
  (341.9, 244.2) det=100.0% sharp=3236.3 size=24.3
  (392.0, 245.1) det=100.0% sharp=3423.8 size=24.3
  (198.0, 99.3) det=100.0% sharp=6014.0 size=24.0
  (50.1, 0.2) det=100.0% sharp=5469.1 size=24.0
  (296.1, 148.5) det=100.0% sharp=3729.0 size=24.0
  (246.4, 148.1) det=100.0% sharp=3174.8 size=24.0
  (-0.1, -0.1) det=100.0% sharp=3193.9 size=24.0
  (50.0, 49.9) det=100.0% sharp=3189.8 size=24.0
  (100.0, 50.1) det=100.0% sharp=3783.5 size=24.0
  (441.8, 245.7) det=100.0% sharp=2261.7 size=24.0
  (399.5, 150.0) det=100.0% sharp=1592.9 size=23.8
  (395.2, 198.0) det=100.0% sharp=4859.2 size=23.8
  (445.8, 198.4) det=100.0% sharp=2075.9 size=23.3
  (294.5, 196.4) det=100.0% sharp=3636.4 size=23.8
  (149.8, -1.3) det=100.0% sharp=3423.7 size=23.8
  (343.7, 196.7) det=100.0% sharp=3884.7 size=24.0
  (493.7, 247.3) det=100.0% sharp=2131.1 size=23.8
  (149.7, 50.3) det=100.0% sharp=3171.2 size=23.8
  (148.5, 99.1) det=100.0% sharp=2666.7 size=23.8
  (99.9, -0.2) det=100.0% sharp=3033.2 size=23.8
  (347.4, 149.2) det=100.0% sharp=2155.5 size=23.5
  (199.7, 49.8) det=100.0% sharp=3051.0 size=23.3
  (343.9, 245.2) det=100.0% sharp=3328.9 size=24.5
  (391.9, 195.6) det=100.0% sharp=4940.1 size=24.0
  (536.9, 243.2) det=100.0% sharp=2963.8 size=24.0
  (197.6, 148.0) det=100.0% sharp=4113.0 size=24.0
  (294.9, 196.3) det=100.0% sharp=4555.2 size=24.0
  (294.7, 147.1) det=100.0% sharp=3701.6 size=24.0
  (391.3, 243.9) det=100.0% sharp=3482.3 size=24.0
  (393.3, 146.8) det=100.0% sharp=1666.8 size=23.8
  (439.7, 194.7) det=100.0% sharp=1772.0 size=23.5
  (439.1, 243.4) det=100.0% sharp=2197.6 size=23.8
  (342.8, 195.4) det=100.0% sharp=3934.0 size=23.8
  (149.4, -0.7) det=100.0% sharp=3343.6 size=23.5
  (344.0, 146.9) det=100.0% sharp=1932.6 size=23.5
  (198.6, 49.5) det=100.0% sharp=3322.8 size=23.3
  (334.1, 238.4) det=100.0% sharp=3093.7 size=24.5
  (195.8, 146.6) det=100.0% sharp=3466.8 size=24.5
  (506.9, 229.0) det=100.0% sharp=2869.0 size=24.3
  (378.7, 236.0) det=100.0% sharp=3454.2 size=24.3
  (332.7, 189.5) det=100.0% sharp=3781.5 size=24.3
  (288.8, 192.1) det=100.0% sharp=2799.9 size=23.5
  (195.0, 97.1) det=100.0% sharp=6052.9 size=24.0
  (465.5, 231.6) det=100.0% sharp=3545.6 size=24.0
  (287.3, 143.1) det=100.0% sharp=3810.5 size=24.0
  (241.8, 144.7) det=100.0% sharp=3180.3 size=24.0
  (0.1, 0.0) det=100.0% sharp=3186.4 size=24.0
  (50.0, 50.2) det=100.0% sharp=3189.8 size=24.0
  (100.0, 49.8) det=100.0% sharp=3853.5 size=24.0
  (148.4, 49.4) det=100.0% sharp=3120.4 size=24.0
  (148.1, 98.6) det=100.0% sharp=2625.7 size=24.0
  (421.7, 233.3) det=100.0% sharp=2344.0 size=24.0
  (377.8, 140.7) det=100.0% sharp=1551.6 size=23.8
  (377.8, 188.1) det=100.0% sharp=4853.3 size=23.8
  (421.0, 185.9) det=100.0% sharp=2625.5 size=23.5
  (49.8, -0.2) det=100.0% sharp=3630.3 size=23.8
  (100.1, 0.2) det=100.0% sharp=2869.5 size=23.8
  (149.1, 0.3) det=100.0% sharp=3475.0 size=23.8
  (195.2, 48.4) det=100.0% sharp=1325.0 size=23.0
  (335.8, 239.5) det=100.0% sharp=3238.2 size=24.5
  (289.2, 144.1) det=100.0% sharp=5076.5 size=23.8
  (424.1, 187.5) det=100.0% sharp=2093.2 size=23.4
  (196.3, 48.9) det=100.0% sharp=3550.8 size=23.4
  (385.5, 240.7) det=100.0% sharp=3325.3 size=24.3
  (338.9, 241.6) det=100.0% sharp=3250.3 size=24.3
  (196.3, 147.0) det=100.0% sharp=3680.2 size=24.3
  (387.3, 193.6) det=100.0% sharp=4863.7 size=24.0
  (434.7, 192.8) det=100.0% sharp=1784.3 size=23.1
  (511.5, 231.1) det=100.0% sharp=1254.6 size=23.5
  (288.9, 143.8) det=100.0% sharp=3670.4 size=24.0
  (424.7, 187.8) det=100.0% sharp=2289.9 size=23.2
  (289.2, 192.4) det=100.0% sharp=3899.8 size=23.8
  (335.0, 142.8) det=100.0% sharp=1726.3 size=23.3
  (339.5, 193.8) det=100.0% sharp=3737.3 size=24.3
  (292.7, 146.4) det=100.0% sharp=5996.2 size=23.8
  (434.4, 192.4) det=100.0% sharp=2650.9 size=23.3
  (424.8, 235.2) det=100.0% sharp=2280.6 size=23.6
  (288.7, 192.0) det=100.0% sharp=3883.9 size=24.0
  (424.3, 187.5) det=100.0% sharp=2008.6 size=23.2
  (380.9, 141.9) det=100.0% sharp=1644.8 size=23.5
  (512.7, 232.0) det=100.0% sharp=2231.4 size=24.0
  (469.4, 233.6) det=100.0% sharp=3285.6 size=24.0
  (423.8, 234.6) det=100.0% sharp=2249.1 size=24.0
  (289.4, 192.7) det=100.0% sharp=2789.0 size=24.0
  (197.4, 49.6) det=100.0% sharp=4615.0 size=23.5
  (196.6, 147.4) det=100.0% sharp=3503.6 size=24.3
  (528.8, 240.0) det=100.0% sharp=2863.8 size=24.0
  (481.2, 240.2) det=100.0% sharp=3343.4 size=24.0
  (341.3, 146.3) det=100.0% sharp=1868.2 size=23.5
  (198.6, 49.9) det=100.0% sharp=3552.9 size=23.5
  (340.0, 242.3) det=100.0% sharp=3256.3 size=24.5
  (292.8, 194.6) det=100.0% sharp=4080.7 size=24.3
  (337.6, 192.0) det=100.0% sharp=2204.5 size=24.0
  (520.1, 234.7) det=100.0% sharp=2984.1 size=24.1
  (196.9, 147.4) det=100.0% sharp=3926.2 size=24.0
  (291.6, 145.1) det=100.0% sharp=4170.1 size=23.5
  (429.2, 189.3) det=100.0% sharp=1831.0 size=23.3
  (196.4, 48.6) det=100.0% sharp=3181.1 size=23.3
  (292.0, 194.0) det=100.0% sharp=3761.1 size=24.0
  (291.4, 145.1) det=100.0% sharp=5380.1 size=23.8
  (343.9, 245.4) det=100.0% sharp=3326.2 size=24.5
  (100.0, 49.9) det=100.0% sharp=3673.4 size=24.1
  (198.4, 148.7) det=100.0% sharp=3690.2 size=24.3
  (343.1, 195.6) det=100.0% sharp=3596.5 size=24.3
  (295.7, 196.8) det=100.0% sharp=2737.0 size=23.5
  (532.3, 241.1) det=100.0% sharp=2885.0 size=24.0
  (198.1, 98.7) det=100.0% sharp=6070.7 size=24.0
  (391.0, 243.8) det=100.0% sharp=3377.5 size=24.0
  (437.7, 193.7) det=100.0% sharp=4180.3 size=24.0
  (0.0, -0.0) det=100.0% sharp=3198.6 size=24.0
  (49.9, 0.0) det=100.0% sharp=3761.8 size=24.0
  (50.0, 50.1) det=100.0% sharp=3133.6 size=24.0
  (149.2, 49.7) det=100.0% sharp=2861.9 size=24.0
  (149.4, 99.5) det=100.0% sharp=2575.0 size=24.0
  (100.0, 0.0) det=100.0% sharp=3034.5 size=24.0
  (247.2, 148.1) det=100.0% sharp=3021.1 size=24.0
  (294.3, 146.8) det=100.0% sharp=5559.3 size=23.8
  (390.2, 194.5) det=100.0% sharp=4919.9 size=23.8
  (485.3, 241.8) det=100.0% sharp=2100.8 size=23.8
  (149.6, 0.1) det=100.0% sharp=3093.1 size=23.8
  (389.7, 145.3) det=100.0% sharp=1585.8 size=23.5
  (198.2, 49.6) det=100.0% sharp=2415.1 size=23.5
  (512.7, 231.7) det=100.0% sharp=2652.0 size=24.0
  (243.4, 145.8) det=100.0% sharp=3217.3 size=24.0
  (242.7, 96.8) det=100.0% sharp=2590.7 size=23.4
  (513.0, 232.0) det=100.0% sharp=2816.3 size=24.1
  (380.0, 189.4) det=100.0% sharp=4874.7 size=24.0
  (523.5, 237.4) det=100.0% sharp=2914.3 size=24.5
  (339.1, 242.2) det=100.0% sharp=3283.3 size=24.3
  (196.6, 147.4) det=100.0% sharp=3909.7 size=24.3
  (431.7, 239.6) det=100.0% sharp=2531.1 size=23.5
  (385.5, 192.6) det=100.0% sharp=5031.5 size=24.0
  (384.7, 240.2) det=100.0% sharp=3324.7 size=24.0
  (291.3, 145.5) det=100.0% sharp=3774.3 size=24.0
  (197.1, 98.4) det=100.0% sharp=6277.0 size=24.0
  (244.2, 146.4) det=100.0% sharp=3136.7 size=24.0
  (292.1, 194.5) det=100.0% sharp=4042.6 size=24.0
  (338.3, 193.0) det=100.0% sharp=4000.2 size=24.0
  (148.9, 49.7) det=100.0% sharp=3014.8 size=24.0
  (49.9, 0.0) det=100.0% sharp=3604.1 size=24.0
  (148.7, 99.1) det=100.0% sharp=2652.1 size=24.0
  (386.4, 144.4) det=100.0% sharp=1699.3 size=23.8
  (431.9, 191.5) det=100.0% sharp=1826.7 size=23.0
  (245.7, 48.7) det=100.0% sharp=1533.4 size=23.5
  (478.1, 238.6) det=100.0% sharp=2228.4 size=23.8
  (245.0, 98.0) det=100.0% sharp=4433.5 size=23.5
  (197.4, 98.7) det=100.0% sharp=6138.0 size=24.0
  (432.8, 240.1) det=100.0% sharp=2287.5 size=24.0
  (341.5, 146.3) det=100.0% sharp=1839.7 size=23.3
  (434.8, 192.8) det=100.0% sharp=2392.2 size=23.3
  (481.0, 240.2) det=100.0% sharp=2206.6 size=23.8
  (198.5, 49.5) det=100.0% sharp=4269.5 size=23.6
  (519.9, 234.7) det=100.0% sharp=2336.2 size=24.2
  (430.1, 190.0) det=100.0% sharp=4490.0 size=23.8
  (197.3, 49.3) det=100.0% sharp=2999.7 size=23.5
  (196.4, 48.9) det=100.0% sharp=4480.0 size=23.5
  (424.1, 234.9) det=100.0% sharp=2230.3 size=24.0
  (291.8, 194.3) det=100.0% sharp=3965.8 size=23.8
  (197.6, 49.2) det=100.0% sharp=1355.8 size=23.0
  (343.3, 244.9) det=100.0% sharp=3289.8 size=24.5
  (294.4, 196.0) det=100.0% sharp=4203.9 size=24.3
  (197.7, 98.7) det=100.0% sharp=6066.3 size=24.0
  (343.0, 195.4) det=100.0% sharp=3722.5 size=24.0
  (536.6, 243.2) det=100.0% sharp=1765.8 size=24.0
  (440.9, 195.4) det=100.0% sharp=4369.0 size=23.8
  (199.7, 50.2) det=100.0% sharp=4617.7 size=23.8
  (195.9, 146.8) det=100.0% sharp=3718.0 size=24.3
  (334.9, 190.7) det=100.0% sharp=3695.3 size=24.3
  (289.4, 192.4) det=100.0% sharp=3815.0 size=24.0
  (196.5, 147.2) det=100.0% sharp=3788.9 size=24.5
  (337.8, 192.9) det=100.0% sharp=3487.7 size=24.5
  (244.2, 146.5) det=100.0% sharp=3007.2 size=24.3
  (290.7, 193.8) det=100.0% sharp=4368.8 size=24.0
  (523.6, 237.7) det=100.0% sharp=2945.7 size=24.0
  (291.5, 145.7) det=100.0% sharp=5785.4 size=23.8
  (246.2, 48.5) det=100.0% sharp=1492.8 size=23.8
  (476.9, 238.1) det=100.0% sharp=2272.3 size=23.8
  (149.5, -0.3) det=100.0% sharp=3290.8 size=23.5
  (528.2, 239.7) det=100.0% sharp=2695.7 size=24.5
  (50.0, 0.0) det=100.0% sharp=5476.1 size=24.3
  (338.9, 193.5) det=100.0% sharp=3831.7 size=24.2
  (341.2, 145.9) det=100.0% sharp=1862.3 size=23.3
  (149.8, -0.3) det=100.0% sharp=3352.7 size=23.6
  (0.0, -0.0) det=100.0% sharp=3146.7 size=24.0
  (149.0, 49.9) det=100.0% sharp=3189.2 size=23.8
  (100.0, 0.0) det=100.0% sharp=3060.1 size=23.8
  (435.3, 193.1) det=100.0% sharp=2479.4 size=23.3
  (198.8, 49.9) det=100.0% sharp=4748.2 size=23.5
  (196.1, 147.0) det=100.0% sharp=3770.8 size=24.0
  (529.1, 240.3) det=100.0% sharp=2979.9 size=24.0
  (432.5, 240.1) det=100.0% sharp=2187.0 size=24.0
  (434.5, 192.8) det=100.0% sharp=1805.1 size=23.5
  (292.1, 194.6) det=100.0% sharp=2775.6 size=23.8
  (199.3, 50.2) det=100.0% sharp=4690.5 size=23.5
  (480.4, 239.9) det=100.0% sharp=2169.9 size=24.3
  (245.5, 98.2) det=100.0% sharp=2882.7 size=23.5
  (340.3, 242.9) det=100.0% sharp=3254.9 size=24.3
  (50.0, 0.0) det=100.0% sharp=5424.3 size=24.3
  (387.8, 242.0) det=100.0% sharp=3452.2 size=24.3
  (196.7, 147.5) det=100.0% sharp=3859.8 size=24.0
  (529.9, 240.6) det=100.0% sharp=2939.3 size=24.0
  (197.5, 98.7) det=100.0% sharp=6241.5 size=24.0
  (244.9, 146.9) det=100.0% sharp=3078.9 size=24.0
  (482.0, 240.8) det=100.0% sharp=2172.9 size=24.0
  (0.0, -0.0) det=100.0% sharp=3195.6 size=24.0
  (50.0, 50.0) det=100.0% sharp=3183.9 size=24.0
  (100.0, 50.0) det=100.0% sharp=3746.5 size=24.0
  (149.1, 49.9) det=100.0% sharp=3019.2 size=24.0
  (100.0, 0.0) det=100.0% sharp=2933.3 size=24.0
  (293.1, 146.6) det=100.0% sharp=6310.5 size=23.8
  (388.2, 193.9) det=100.0% sharp=4923.1 size=23.8
  (435.2, 192.9) det=100.0% sharp=2299.2 size=23.3
  (292.8, 195.0) det=100.0% sharp=4025.8 size=23.8
  (339.8, 194.0) det=100.0% sharp=3775.5 size=23.9
  (148.3, 98.9) det=100.0% sharp=2660.8 size=23.8
  (149.0, -0.7) det=100.0% sharp=3197.8 size=23.5
  (198.0, 49.4) det=100.0% sharp=4519.6 size=23.5
  (245.9, 98.5) det=100.0% sharp=4111.7 size=23.5
  (389.7, 145.6) det=100.0% sharp=1658.0 size=23.5
  (338.2, 192.3) det=100.0% sharp=3752.2 size=24.0
  (149.4, 0.3) det=100.0% sharp=3321.8 size=23.8
  (424.9, 235.2) det=100.0% sharp=2316.1 size=23.8
  (380.7, 189.7) det=100.0% sharp=4748.0 size=24.0
  (523.2, 237.4) det=100.0% sharp=2809.0 size=24.3
  (339.4, 145.3) det=100.0% sharp=1859.5 size=23.3
  (430.9, 191.1) det=100.0% sharp=3700.3 size=23.5
  (197.7, 49.3) det=100.0% sharp=4762.8 size=23.5
  (340.1, 242.9) det=100.0% sharp=3220.7 size=24.5
  (197.3, 147.8) det=100.0% sharp=3664.3 size=24.5
  (245.4, 147.2) det=100.0% sharp=3209.7 size=24.1
  (529.6, 240.3) det=100.0% sharp=2979.7 size=24.0
  (388.0, 193.9) det=100.0% sharp=4878.3 size=24.0
  (293.3, 146.6) det=100.0% sharp=4837.0 size=23.7
  (387.3, 241.7) det=100.0% sharp=3448.5 size=24.0
  (433.6, 240.6) det=100.0% sharp=2297.1 size=24.0
  (148.8, 99.2) det=100.0% sharp=2633.7 size=24.0
  (389.5, 145.6) det=100.0% sharp=1602.2 size=23.8
  (434.4, 192.5) det=100.0% sharp=1859.1 size=23.3
  (197.8, 49.4) det=100.0% sharp=3832.7 size=23.5
  (148.8, -0.7) det=100.0% sharp=2331.9 size=23.3
  (335.2, 143.2) det=100.0% sharp=1874.2 size=23.5
  (196.9, 49.3) det=100.0% sharp=4651.0 size=23.6
  (242.2, 96.4) det=100.0% sharp=2123.9 size=23.0
  (337.0, 240.4) det=100.0% sharp=3225.2 size=24.3
  (382.2, 238.2) det=100.0% sharp=3388.6 size=24.3
  (196.1, 146.9) det=100.0% sharp=3704.8 size=24.3
  (195.5, 97.4) det=100.0% sharp=5818.1 size=24.0
  (512.5, 231.7) det=100.0% sharp=1669.4 size=24.0
  (49.8, -0.2) det=100.0% sharp=5468.7 size=24.0
  (290.4, 193.0) det=100.0% sharp=3982.9 size=24.0
  (0.1, 0.0) det=100.0% sharp=3203.9 size=24.0
  (50.0, 50.2) det=100.0% sharp=3179.4 size=24.0
  (100.0, 49.8) det=100.0% sharp=3752.7 size=24.0
  (148.5, 49.5) det=100.0% sharp=3052.5 size=24.0
  (148.5, 98.9) det=100.0% sharp=2667.5 size=24.0
  (100.1, 0.2) det=100.0% sharp=2919.3 size=24.0
  (289.4, 144.3) det=100.0% sharp=5961.0 size=23.8
  (380.5, 141.7) det=100.0% sharp=1592.8 size=23.8
  (380.9, 189.7) det=100.0% sharp=4833.9 size=23.8
  (425.5, 188.2) det=100.0% sharp=4455.1 size=23.8
  (335.1, 190.9) det=100.0% sharp=3898.5 size=23.8
  (425.7, 235.7) det=100.0% sharp=1629.4 size=23.3
  (470.3, 234.1) det=100.0% sharp=2406.1 size=23.9
  (243.4, 145.7) det=100.0% sharp=3182.5 size=24.0
  (148.1, -0.4) det=100.0% sharp=3134.3 size=23.5
  (243.1, 97.0) det=100.0% sharp=4167.5 size=23.5
  (196.0, 48.8) det=100.0% sharp=2939.7 size=23.3
  (340.6, 242.6) det=100.0% sharp=3242.1 size=24.5
  (385.5, 240.0) det=100.0% sharp=3342.3 size=24.3
  (429.0, 189.3) det=100.0% sharp=1850.2 size=23.5
  (148.9, -0.1) det=100.0% sharp=3208.7 size=23.6
  (512.0, 231.4) det=100.0% sharp=1954.0 size=23.8
  (334.7, 190.7) det=100.0% sharp=3755.7 size=24.3
  (335.7, 239.1) det=100.0% sharp=3226.9 size=24.3
  (511.8, 231.4) det=100.0% sharp=1140.7 size=23.5
  (148.0, -0.8) det=100.0% sharp=3186.5 size=23.8
  (196.6, 48.9) det=100.0% sharp=4078.0 size=23.6
  (337.7, 240.9) det=100.0% sharp=3294.0 size=24.3
  (49.9, 0.0) det=100.0% sharp=3679.6 size=24.0
  (430.2, 238.8) det=100.0% sharp=2406.1 size=23.5
  (386.0, 241.0) det=100.0% sharp=3432.7 size=24.5
  (247.8, 49.2) det=100.0% sharp=3470.7 size=23.8
  (432.7, 240.1) det=100.0% sharp=2163.1 size=23.8
  (341.0, 145.9) det=100.0% sharp=1789.5 size=23.5
  (341.7, 244.2) det=100.0% sharp=3228.6 size=24.5
  (197.1, 147.7) det=100.0% sharp=3646.0 size=24.3
  (545.4, 248.2) det=100.0% sharp=2826.7 size=24.3
  (296.8, 148.8) det=100.0% sharp=6071.7 size=24.0
  (391.5, 244.8) det=100.0% sharp=3449.9 size=24.0
  (294.7, 196.4) det=100.0% sharp=4090.7 size=24.0
  (441.1, 245.3) det=100.0% sharp=2381.4 size=24.0
  (149.8, 50.3) det=100.0% sharp=3039.6 size=24.0
  (247.4, 148.7) det=100.0% sharp=3241.9 size=24.0
  (149.0, 99.5) det=100.0% sharp=2698.1 size=24.0
  (347.9, 149.6) det=100.0% sharp=1873.0 size=23.3
  (446.0, 198.4) det=100.0% sharp=2637.0 size=23.5
  (151.2, -0.2) det=100.0% sharp=3220.7 size=23.8
  (248.9, 100.1) det=100.0% sharp=4200.9 size=23.5
  (243.9, 48.3) det=100.0% sharp=1596.7 size=23.5
  (512.4, 231.7) det=100.0% sharp=2457.8 size=24.3
  (338.4, 241.6) det=100.0% sharp=3228.0 size=24.5
  (435.0, 193.1) det=100.0% sharp=2597.3 size=23.8
  (554.0, 251.7) det=100.0% sharp=2308.0 size=24.3
  (347.0, 247.5) det=100.0% sharp=3240.3 size=24.3
  (100.0, 50.1) det=100.0% sharp=3724.0 size=24.3
  (198.9, 149.0) det=100.0% sharp=3771.6 size=24.3
  (397.9, 248.5) det=100.0% sharp=3412.0 size=24.3
  (299.4, 149.8) det=100.0% sharp=4732.4 size=23.7
  (50.1, 0.2) det=100.0% sharp=5419.5 size=24.0
  (298.4, 198.7) det=100.0% sharp=4068.5 size=24.0
  (199.8, 100.0) det=100.0% sharp=6187.3 size=24.0
  (248.5, 149.1) det=100.0% sharp=3551.2 size=24.0
  (348.0, 198.7) det=100.0% sharp=3850.8 size=24.0
  (501.3, 250.7) det=100.0% sharp=2174.7 size=24.0
  (-0.1, -0.1) det=100.0% sharp=3171.5 size=24.0
  (50.0, 49.9) det=100.0% sharp=3179.3 size=24.0
  (150.2, 50.3) det=100.0% sharp=3070.2 size=24.0
  (149.7, 99.8) det=100.0% sharp=2693.1 size=24.0
  (448.6, 249.1) det=100.0% sharp=2222.2 size=24.0
  (403.2, 151.0) det=100.0% sharp=1620.8 size=23.8
  (400.0, 200.1) det=100.0% sharp=4869.2 size=23.8
  (452.4, 201.1) det=100.0% sharp=4435.9 size=23.8
  (99.9, -0.2) det=100.0% sharp=2989.9 size=23.8
  (151.2, -0.2) det=100.0% sharp=3261.4 size=23.8
  (201.8, 50.9) det=100.0% sharp=4499.8 size=23.5
  (250.3, 100.4) det=100.0% sharp=4014.6 size=23.5
  (291.1, 194.0) det=100.0% sharp=3626.5 size=24.3
  (434.2, 192.4) det=100.0% sharp=2577.0 size=23.5
  (198.0, 49.2) det=100.0% sharp=3052.3 size=23.5
  (384.4, 191.3) det=100.0% sharp=4746.3 size=24.0
  (292.4, 194.3) det=100.0% sharp=4121.5 size=23.8
  (196.9, 48.9) det=100.0% sharp=4730.8 size=23.5
  (424.6, 187.8) det=100.0% sharp=2627.9 size=23.8
  (480.5, 239.9) det=100.0% sharp=3087.9 size=24.5
  (434.0, 192.4) det=100.0% sharp=1781.4 size=23.3
  (390.0, 145.8) det=100.0% sharp=1573.0 size=23.5
  (249.0, 149.4) det=100.0% sharp=3119.5 size=24.3
  (198.6, 148.7) det=100.0% sharp=3688.1 size=24.3
  (348.5, 199.1) det=100.0% sharp=3629.1 size=24.3
  (297.7, 198.4) det=100.0% sharp=4550.7 size=24.0
  (397.4, 248.1) det=100.0% sharp=3511.9 size=24.0
  (450.7, 200.1) det=100.0% sharp=1832.3 size=23.3
  (448.4, 249.1) det=100.0% sharp=2170.4 size=23.8
  (501.5, 250.7) det=100.0% sharp=2562.8 size=24.0
  (200.8, 50.2) det=100.0% sharp=4609.4 size=23.5
  (348.6, 248.9) det=100.0% sharp=3323.4 size=24.5
  (100.0, 50.1) det=100.0% sharp=3665.4 size=24.3
  (199.2, 149.1) det=100.0% sharp=3738.2 size=24.3
  (555.0, 252.0) det=100.0% sharp=2638.3 size=24.3
  (299.8, 150.0) det=100.0% sharp=5757.1 size=24.0
  (50.1, 0.2) det=100.0% sharp=5462.4 size=24.0
  (348.6, 199.3) det=100.0% sharp=3778.6 size=24.0
  (199.9, 100.0) det=100.0% sharp=6133.1 size=24.0
  (399.2, 249.2) det=100.0% sharp=3513.2 size=24.0
  (502.6, 251.3) det=100.0% sharp=2072.0 size=24.0
  (-0.0, -0.1) det=100.0% sharp=3217.9 size=24.0
  (50.0, 49.9) det=100.0% sharp=3214.6 size=24.0
  (150.1, 50.3) det=100.0% sharp=2984.8 size=24.0
  (250.0, 150.1) det=100.0% sharp=3211.7 size=24.0
  (100.0, -0.2) det=100.0% sharp=3050.8 size=24.0
  (149.9, 99.9) det=100.0% sharp=2661.4 size=24.0
  (299.1, 199.5) det=100.0% sharp=2779.0 size=24.0
  (402.9, 150.9) det=100.0% sharp=1564.0 size=23.8
  (400.7, 200.4) det=100.0% sharp=4652.8 size=23.8
  (452.8, 201.3) det=100.0% sharp=4034.8 size=23.8
  (251.6, 49.9) det=100.0% sharp=1506.4 size=23.5
  (450.0, 249.9) det=100.0% sharp=1946.6 size=23.8
  (149.9, -0.9) det=100.0% sharp=3075.5 size=23.5
  (200.4, 50.1) det=100.0% sharp=4420.0 size=23.5
  (250.3, 100.4) det=100.0% sharp=3902.7 size=23.5
  (423.8, 187.2) det=100.0% sharp=2153.2 size=23.3
  (346.8, 247.5) det=100.0% sharp=3182.7 size=24.5
  (199.1, 99.6) det=100.0% sharp=6845.0 size=24.0
  (555.0, 252.4) det=100.0% sharp=2760.5 size=24.0
  (297.9, 198.4) det=100.0% sharp=4078.9 size=23.8
  (148.9, -0.1) det=100.0% sharp=3311.3 size=23.7
  (242.9, 96.8) det=100.0% sharp=2061.6 size=23.5
  (289.5, 192.7) det=100.0% sharp=3171.4 size=23.9
  (424.6, 187.5) det=100.0% sharp=2869.1 size=23.3
  (380.6, 141.9) det=100.0% sharp=1647.8 size=23.5
  (288.6, 192.1) det=100.0% sharp=4193.7 size=24.3
  (337.9, 143.8) det=100.0% sharp=1842.8 size=23.3
  (429.8, 189.6) det=100.0% sharp=2578.2 size=23.3
  (292.3, 194.3) det=100.0% sharp=3965.1 size=23.9
  (470.4, 234.1) det=100.0% sharp=3071.6 size=24.0
  (513.7, 232.3) det=100.0% sharp=2767.8 size=24.0
  (288.9, 144.0) det=100.0% sharp=3731.8 size=24.0
  (381.7, 237.8) det=100.0% sharp=3491.7 size=24.0
  (426.1, 236.0) det=100.0% sharp=2233.5 size=23.8
  (335.6, 191.2) det=100.0% sharp=3779.7 size=24.0
  (425.2, 187.9) det=100.0% sharp=2504.2 size=23.3
  (196.1, 48.8) det=100.0% sharp=4734.5 size=23.5
  (384.1, 191.0) det=100.0% sharp=3149.5 size=23.5
  (197.9, 49.6) det=100.0% sharp=4436.3 size=23.5
  (289.5, 144.3) det=100.0% sharp=6032.3 size=24.0
  (195.9, 146.9) det=100.0% sharp=3882.4 size=24.0
  (243.0, 145.4) det=100.0% sharp=3145.9 size=24.0
  (335.3, 190.9) det=100.0% sharp=3799.0 size=24.0
  (424.6, 187.6) det=100.0% sharp=1803.2 size=22.8
  (290.2, 193.1) det=100.0% sharp=4130.3 size=23.8
  (148.0, -0.4) det=100.0% sharp=2307.5 size=23.3
  (426.3, 236.0) det=100.0% sharp=2305.7 size=23.8
  (196.6, 49.2) det=100.0% sharp=4625.3 size=23.3
  (527.7, 239.3) det=100.0% sharp=1126.3 size=23.3
  (242.4, 96.4) det=100.0% sharp=2281.4 size=23.6
  (198.1, 49.5) det=100.0% sharp=2993.3 size=23.3
  (546.4, 248.9) det=100.0% sharp=2754.5 size=23.8
  (196.9, 147.7) det=100.0% sharp=3835.1 size=24.0
  (343.9, 196.7) det=100.0% sharp=3812.2 size=24.0
  (441.6, 245.7) det=100.0% sharp=2039.1 size=23.8
  (201.3, 50.9) det=100.0% sharp=4643.0 size=23.5
  (346.1, 247.5) det=100.0% sharp=3331.4 size=24.3
  (50.0, 49.9) det=100.0% sharp=5289.7 size=24.3
  (198.4, 149.0) det=100.0% sharp=3579.3 size=24.3
  (397.0, 248.4) det=100.0% sharp=3516.0 size=24.3
  (553.2, 251.7) det=100.0% sharp=2646.5 size=24.3
  (50.1, 0.2) det=100.0% sharp=5455.3 size=24.0
  (297.7, 198.7) det=100.0% sharp=3861.0 size=24.0
  (298.2, 149.5) det=100.0% sharp=3615.0 size=24.0
  (199.4, 100.0) det=100.0% sharp=6134.8 size=24.0
  (247.9, 149.1) det=100.0% sharp=3199.4 size=24.0
  (500.4, 250.7) det=100.0% sharp=2041.1 size=24.0
  (-0.1, -0.1) det=100.0% sharp=3135.0 size=24.0
  (100.0, 50.1) det=100.0% sharp=3765.3 size=24.0
  (150.0, 50.3) det=100.0% sharp=3148.3 size=24.0
  (447.6, 249.0) det=100.0% sharp=2316.6 size=24.0
  (350.5, 150.6) det=100.0% sharp=1789.6 size=23.3
  (402.6, 151.0) det=100.0% sharp=1538.7 size=23.8
  (399.2, 200.1) det=100.0% sharp=4829.5 size=23.8
  (451.6, 201.1) det=100.0% sharp=4398.8 size=23.8
  (347.8, 199.0) det=100.0% sharp=3822.3 size=23.8
  (150.2, -0.9) det=100.0% sharp=2320.0 size=23.3
  (148.9, 99.5) det=100.0% sharp=2753.5 size=23.8
  (99.9, -0.2) det=100.0% sharp=2815.6 size=23.8
  (199.9, 49.8) det=100.0% sharp=1376.7 size=23.0
  (347.8, 198.7) det=100.0% sharp=3657.0 size=24.0
  (554.2, 251.7) det=100.0% sharp=2978.9 size=24.3
  (298.1, 198.4) det=100.0% sharp=3926.1 size=24.0
  (299.7, 150.2) det=100.0% sharp=2375.0 size=23.0
  (403.9, 151.4) det=100.0% sharp=1724.4 size=23.8
  (150.7, -0.6) det=100.0% sharp=3271.2 size=23.8
  (380.4, 237.2) det=100.0% sharp=3421.6 size=24.5
  (197.1, 147.8) det=100.0% sharp=2980.6 size=24.5
  (384.7, 240.0) det=100.0% sharp=3296.1 size=24.3
  (339.3, 242.4) det=100.0% sharp=3194.7 size=24.3
  (50.0, 50.2) det=100.0% sharp=5079.5 size=24.3
  (519.8, 235.0) det=100.0% sharp=2752.9 size=24.0
  (196.1, 97.7) det=100.0% sharp=6096.4 size=24.0
  (475.5, 236.7) det=100.0% sharp=3570.6 size=24.0
  (49.8, -0.2) det=100.0% sharp=5452.7 size=24.0
  (290.5, 144.8) det=100.0% sharp=3678.5 size=24.0
  (243.9, 146.1) det=100.0% sharp=2994.7 size=24.0
  (292.0, 194.3) det=100.0% sharp=3407.1 size=24.0
  (0.1, 0.0) det=100.0% sharp=3156.4 size=24.0
  (100.0, 49.8) det=100.0% sharp=3725.2 size=24.0
  (148.6, 99.1) det=100.0% sharp=2630.5 size=24.0
  (148.7, 49.6) det=100.0% sharp=3052.4 size=24.0
  (429.9, 238.0) det=100.0% sharp=2327.6 size=24.0
  (383.5, 142.8) det=100.0% sharp=1532.8 size=23.8
  (428.9, 189.7) det=100.0% sharp=2640.4 size=23.8
  (384.0, 191.3) det=100.0% sharp=5021.6 size=23.8
  (337.4, 192.3) det=100.0% sharp=3819.7 size=23.8
  (100.1, 0.2) det=100.0% sharp=2913.0 size=23.8
  (148.5, -0.4) det=100.0% sharp=3300.4 size=23.5
  (196.1, 48.6) det=100.0% sharp=1368.7 size=23.0
  (334.6, 190.7) det=100.0% sharp=3874.3 size=24.3
  (340.6, 242.9) det=100.0% sharp=3255.6 size=24.3
  (196.8, 98.4) det=100.0% sharp=5973.9 size=24.0
  (528.3, 239.6) det=100.0% sharp=1853.8 size=24.0
  (292.6, 146.2) det=100.0% sharp=3734.7 size=24.0
  (293.0, 195.0) det=100.0% sharp=3837.4 size=24.0
  (339.9, 194.0) det=100.0% sharp=3982.9 size=24.0
  (434.3, 240.9) det=100.0% sharp=2385.2 size=24.0
  (481.7, 240.4) det=100.0% sharp=2285.2 size=24.0
  (197.3, 49.1) det=100.0% sharp=1351.3 size=23.0
  (148.7, -0.1) det=100.0% sharp=3132.8 size=23.3
  (431.1, 238.3) det=100.0% sharp=2282.9 size=23.8
  (197.8, 148.1) det=100.0% sharp=3471.1 size=24.5
  (343.4, 244.9) det=100.0% sharp=3172.0 size=24.3
  (345.3, 197.6) det=100.0% sharp=3824.8 size=24.3
  (393.9, 246.3) det=100.0% sharp=3322.2 size=24.3
  (397.6, 199.4) det=100.0% sharp=4778.1 size=24.0
  (198.5, 99.5) det=100.0% sharp=6047.5 size=24.0
  (297.4, 149.2) det=100.0% sharp=3647.9 size=24.0
  (247.1, 148.5) det=100.0% sharp=3100.9 size=24.0
  (295.6, 196.9) det=100.0% sharp=3670.2 size=24.0
  (497.9, 249.5) det=100.0% sharp=2073.2 size=24.0
  (-0.1, -0.0) det=100.0% sharp=3168.5 size=24.0
  (50.0, 49.8) det=100.0% sharp=3178.7 size=24.0
  (100.0, 50.2) det=100.0% sharp=3823.8 size=24.0
  (150.1, 50.5) det=100.0% sharp=3002.2 size=24.0
  (149.2, 99.6) det=100.0% sharp=2697.9 size=24.0
  (350.1, 150.6) det=100.0% sharp=1995.1 size=23.3
  (402.8, 151.3) det=100.0% sharp=1599.2 size=23.8
  (450.2, 200.5) det=100.0% sharp=1758.5 size=23.0
  (551.4, 251.0) det=100.0% sharp=2907.0 size=23.8
  (50.2, 0.2) det=100.0% sharp=5511.0 size=23.8
  (150.5, -1.0) det=100.0% sharp=2311.3 size=23.3
  (445.3, 247.7) det=100.0% sharp=2227.9 size=23.8
  (99.9, -0.2) det=100.0% sharp=2920.9 size=23.8
  (249.9, 100.6) det=100.0% sharp=4220.9 size=23.5
  (200.2, 50.1) det=100.0% sharp=1326.3 size=23.0
  (337.4, 192.5) det=100.0% sharp=3740.9 size=24.0
  (429.3, 238.2) det=100.0% sharp=2137.2 size=24.0
  (430.5, 190.7) det=100.0% sharp=1861.7 size=23.3
  (198.7, 50.0) det=100.0% sharp=4451.7 size=23.5
  (197.4, 147.8) det=100.0% sharp=3558.5 size=24.3
  (244.6, 48.3) det=100.0% sharp=1587.6 size=23.5
  (430.5, 238.0) det=100.0% sharp=2242.8 size=23.8
  (424.0, 187.2) det=100.0% sharp=2584.1 size=23.3
  (334.9, 142.8) det=100.0% sharp=1829.2 size=23.5
  (292.3, 194.6) det=100.0% sharp=3024.3 size=23.6
  (432.2, 239.8) det=100.0% sharp=2167.9 size=24.0
  (435.1, 193.1) det=100.0% sharp=1981.4 size=23.1
  (199.1, 50.2) det=100.0% sharp=4750.0 size=23.3
  (288.7, 143.8) det=100.0% sharp=3660.7 size=23.8
  (246.9, 148.4) det=100.0% sharp=3056.2 size=24.0
  (446.5, 198.7) det=100.0% sharp=2560.3 size=23.3
  (251.7, 50.1) det=100.0% sharp=3699.3 size=23.8
  (199.5, 49.8) det=100.0% sharp=1302.9 size=23.0
  (197.7, 99.0) det=100.0% sharp=6037.6 size=24.0
  (428.5, 189.0) det=100.0% sharp=1915.0 size=23.3
  (244.4, 48.3) det=100.0% sharp=1698.0 size=23.3
  (294.8, 196.7) det=100.0% sharp=2775.6 size=23.8
  (545.9, 248.6) det=100.0% sharp=2904.1 size=24.0
  (442.2, 246.0) det=100.0% sharp=2344.0 size=23.8
  (150.3, -0.9) det=100.0% sharp=3189.9 size=23.5
  (200.8, 50.5) det=100.0% sharp=4705.9 size=23.3
  (347.6, 198.7) det=100.0% sharp=3937.7 size=24.0
  (298.7, 149.5) det=100.0% sharp=3698.1 size=24.0
  (554.3, 251.7) det=100.0% sharp=2703.9 size=23.5
  (501.0, 250.4) det=100.0% sharp=2171.4 size=24.0
  (150.0, 50.3) det=100.0% sharp=3543.7 size=23.8
  (149.2, 99.5) det=100.0% sharp=2674.3 size=23.8
  (291.3, 194.0) det=100.0% sharp=3696.3 size=24.0
  (201.9, 151.9) det=100.0% sharp=3570.9 size=24.5
  (527.9, 264.2) det=100.0% sharp=3228.9 size=24.3
  (360.5, 258.4) det=100.0% sharp=3236.4 size=24.3
  (415.4, 260.2) det=100.0% sharp=3395.6 size=24.3
  (585.5, 266.1) det=100.0% sharp=1733.1 size=23.5
  (201.3, 100.8) det=100.0% sharp=5970.6 size=24.0
  (50.0, 0.2) det=100.0% sharp=5526.7 size=24.0
  (50.0, 50.0) det=100.0% sharp=5789.8 size=24.0
  (253.3, 152.4) det=100.0% sharp=3157.9 size=24.0
  (306.7, 204.9) det=100.0% sharp=3930.6 size=24.0
  (359.7, 205.9) det=100.0% sharp=3891.3 size=24.0
  (469.4, 261.2) det=100.0% sharp=2206.4 size=24.0
  (-0.0, -0.1) det=100.0% sharp=3228.2 size=24.0
  (100.0, 50.0) det=100.0% sharp=3855.9 size=24.0
  (150.8, 50.4) det=100.0% sharp=3117.9 size=24.0
  (150.5, 100.7) det=100.0% sharp=2680.5 size=24.0
  (306.5, 153.6) det=100.0% sharp=6073.9 size=23.8
  (361.2, 154.9) det=100.0% sharp=1833.0 size=23.3
  (416.4, 155.8) det=100.0% sharp=1691.7 size=23.8
  (415.3, 208.0) det=100.0% sharp=4945.3 size=23.8
  (470.5, 209.0) det=100.0% sharp=1796.6 size=23.3
  (100.0, -0.1) det=100.0% sharp=2880.0 size=23.8
  (150.8, -0.8) det=100.0% sharp=3353.6 size=23.5
  (254.3, 101.9) det=100.0% sharp=4196.7 size=23.5
  (202.1, 50.1) det=100.0% sharp=3003.0 size=23.5
  (197.2, 147.8) det=100.0% sharp=3804.3 size=24.3
  (529.2, 240.3) det=100.0% sharp=2976.3 size=24.0
  (482.3, 240.7) det=100.0% sharp=3249.0 size=24.0
  (434.6, 192.5) det=100.0% sharp=2481.1 size=23.5
  (434.1, 240.9) det=100.0% sharp=2352.2 size=23.8
  (149.9, 0.0) det=100.0% sharp=3122.9 size=23.8
  (430.0, 237.7) det=100.0% sharp=2202.9 size=24.0
  (336.3, 239.8) det=100.0% sharp=3230.0 size=24.5
  (49.9, -0.2) det=100.0% sharp=5454.8 size=24.3
  (195.8, 146.6) det=100.0% sharp=3587.4 size=24.3
  (516.7, 233.6) det=100.0% sharp=1195.5 size=23.5
  (335.7, 191.3) det=100.0% sharp=3686.8 size=24.0
  (289.8, 144.5) det=100.0% sharp=3682.2 size=24.0
  (196.5, 98.0) det=100.0% sharp=6231.9 size=24.0
  (290.3, 192.9) det=100.0% sharp=3792.9 size=24.0
  (382.0, 238.0) det=100.0% sharp=3371.1 size=24.0
  (0.1, 0.1) det=100.0% sharp=3225.7 size=24.0
  (50.0, 50.1) det=100.0% sharp=3186.0 size=24.0
  (100.0, 49.9) det=100.0% sharp=3766.6 size=24.0
  (148.8, 49.7) det=100.0% sharp=3147.9 size=24.0
  (428.7, 189.8) det=100.0% sharp=4525.8 size=23.8
  (337.1, 143.8) det=100.0% sharp=1803.8 size=23.3
  (383.7, 143.1) det=100.0% sharp=1660.7 size=23.8
  (382.6, 190.7) det=100.0% sharp=4896.9 size=23.8
  (148.7, -0.5) det=100.0% sharp=2396.6 size=23.3
  (427.6, 236.8) det=100.0% sharp=2306.9 size=23.8
  (473.1, 235.7) det=100.0% sharp=2167.1 size=23.8
  (100.1, 0.2) det=100.0% sharp=2904.6 size=23.8
  (147.9, 98.5) det=100.0% sharp=2617.0 size=23.8
  (243.6, 145.9) det=100.0% sharp=3403.4 size=23.8
  (197.4, 49.5) det=100.0% sharp=2936.1 size=23.5
  (148.7, -1.0) det=100.0% sharp=3175.4 size=24.0
  (199.1, 149.0) det=100.0% sharp=3698.2 size=24.5
  (554.5, 252.1) det=100.0% sharp=2804.4 size=24.3
  (501.7, 250.7) det=100.0% sharp=3335.4 size=24.0
  (447.9, 248.7) det=100.0% sharp=2303.4 size=24.0
  (150.3, -0.9) det=100.0% sharp=2986.9 size=23.5
  (200.6, 50.2) det=100.0% sharp=2890.7 size=23.3
  (336.0, 239.4) det=100.0% sharp=3331.4 size=24.3
  (424.4, 187.5) det=100.0% sharp=2582.2 size=23.5
  (335.6, 239.5) det=100.0% sharp=3622.8 size=24.3
  (195.2, 146.5) det=100.0% sharp=2968.8 size=24.3
  (423.7, 234.6) det=100.0% sharp=2324.1 size=24.3
  (379.4, 189.1) det=100.0% sharp=4002.5 size=24.0
  (0.1, 0.0) det=100.0% sharp=3106.9 size=24.0
  (287.9, 143.5) det=100.0% sharp=2118.3 size=24.0
  (333.8, 190.1) det=100.0% sharp=2285.4 size=24.0
  (380.1, 141.6) det=100.0% sharp=1605.4 size=23.8
  (147.4, 98.1) det=100.0% sharp=3460.8 size=23.8
  (100.1, 0.2) det=100.0% sharp=2952.4 size=23.8
  (147.9, 49.2) det=100.0% sharp=3585.1 size=23.5
  (344.3, 197.2) det=100.0% sharp=5015.3 size=24.3
  (295.2, 197.1) det=100.0% sharp=3040.9 size=24.3
  (343.3, 245.5) det=100.0% sharp=2934.6 size=24.3
  (250.9, 49.9) det=100.0% sharp=1604.9 size=23.5
  (50.1, 0.2) det=100.0% sharp=5471.5 size=24.0
  (198.5, 99.6) det=100.0% sharp=5844.9 size=24.0
  (395.4, 198.3) det=100.0% sharp=3895.7 size=24.0
  (392.2, 245.5) det=100.0% sharp=3411.1 size=24.0
  (442.9, 246.5) det=100.0% sharp=2977.8 size=24.0
  (494.1, 247.5) det=100.0% sharp=2751.9 size=24.0
  (546.4, 248.9) det=100.0% sharp=1801.1 size=24.0
  (-0.0, -0.1) det=100.0% sharp=3146.3 size=24.0
  (50.0, 49.9) det=100.0% sharp=2996.7 size=24.0
  (100.0, 50.1) det=100.0% sharp=3550.5 size=24.0
  (149.7, 50.3) det=100.0% sharp=2668.5 size=24.0
  (149.2, 99.6) det=100.0% sharp=2522.5 size=24.0
  (197.8, 148.4) det=100.0% sharp=2745.5 size=24.0
  (100.0, -0.2) det=100.0% sharp=2484.2 size=24.0
  (248.0, 149.0) det=100.0% sharp=3506.7 size=24.0
  (398.8, 149.8) det=100.0% sharp=1436.9 size=23.8
  (447.2, 199.2) det=100.0% sharp=4227.4 size=23.8
  (150.8, -0.2) det=100.0% sharp=2525.9 size=23.8
  (249.4, 100.4) det=100.0% sharp=3537.7 size=23.8
  (347.9, 149.5) det=100.0% sharp=4156.8 size=23.5
  (296.8, 148.9) det=100.0% sharp=4130.9 size=23.5
  (201.0, 50.8) det=100.0% sharp=3548.1 size=23.5
  (299.4, 100.1) det=100.0% sharp=1297.3 size=23.0
  (50.0, 0.0) det=100.0% sharp=5119.1 size=24.5
  (345.5, 246.9) det=100.0% sharp=3168.9 size=24.3
  (199.1, 99.7) det=100.0% sharp=4666.1 size=24.3
  (198.8, 149.0) det=100.0% sharp=2589.9 size=24.3
  (296.9, 197.9) det=100.0% sharp=3524.4 size=24.0
  (297.2, 148.6) det=100.0% sharp=4829.6 size=24.0
  (345.2, 197.3) det=100.0% sharp=3238.5 size=24.0
  (394.9, 197.3) det=100.0% sharp=4250.6 size=24.0
  (394.2, 246.2) det=100.0% sharp=3476.8 size=24.0
  (492.8, 246.2) det=100.0% sharp=1963.4 size=24.0
  (149.5, 50.0) det=100.0% sharp=2616.5 size=24.0
  (149.3, 99.7) det=100.0% sharp=2432.1 size=24.0
  (248.1, 149.0) det=100.0% sharp=2724.0 size=24.0
  (100.0, 0.0) det=100.0% sharp=2388.9 size=24.0
  (443.7, 196.9) det=100.0% sharp=3076.4 size=22.8
  (442.8, 245.9) det=100.0% sharp=2184.5 size=23.8
  (149.1, -0.7) det=100.0% sharp=2386.5 size=23.3
  (396.4, 148.3) det=100.0% sharp=1566.6 size=23.8
  (542.5, 246.2) det=100.0% sharp=1724.4 size=23.8
  (248.3, 99.3) det=100.0% sharp=3024.7 size=23.5
  (200.0, 50.3) det=100.0% sharp=3440.4 size=23.5
  (339.5, 242.4) det=100.0% sharp=3028.9 size=24.5
  (196.6, 98.1) det=100.0% sharp=4991.0 size=24.3
  (385.3, 240.3) det=100.0% sharp=3124.6 size=24.3
  (519.7, 235.1) det=100.0% sharp=1569.7 size=23.3
  (292.8, 195.0) det=100.0% sharp=3034.2 size=24.3
  (291.1, 145.1) det=100.0% sharp=4678.9 size=24.0
  (147.9, -0.8) det=100.0% sharp=3522.7 size=24.0
  (475.8, 237.0) det=100.0% sharp=2983.4 size=24.0
  (337.9, 192.6) det=100.0% sharp=2645.2 size=24.0
  (384.1, 191.3) det=100.0% sharp=3770.4 size=24.0
  (429.7, 190.0) det=100.0% sharp=3277.5 size=24.0
  (430.4, 238.3) det=100.0% sharp=3715.2 size=23.8
  (244.4, 146.4) det=100.0% sharp=2843.1 size=23.8
  (337.3, 143.8) det=100.0% sharp=2490.8 size=23.5
  (196.3, 48.6) det=100.0% sharp=2906.7 size=23.3
  (341.0, 242.6) det=100.0% sharp=2919.0 size=24.5
  (244.2, 48.0) det=100.0% sharp=1687.4 size=24.0
  (384.7, 191.3) det=100.0% sharp=4513.2 size=24.0
  (430.3, 189.9) det=100.0% sharp=4057.2 size=24.0
  (147.5, -1.1) det=100.0% sharp=2374.2 size=24.0
  (337.2, 143.4) det=100.0% sharp=2406.0 size=23.8
  (148.4, 49.2) det=100.0% sharp=3734.2 size=23.8
  (243.7, 96.7) det=100.0% sharp=2003.0 size=23.8
  (347.5, 247.9) det=100.0% sharp=3177.8 size=24.5
  (449.4, 249.8) det=100.0% sharp=2336.6 size=23.8
  (554.7, 252.1) det=100.0% sharp=3251.8 size=24.0
  (297.4, 198.0) det=100.0% sharp=4633.9 size=24.0
  (396.7, 247.8) det=100.0% sharp=3355.8 size=24.0
  (198.4, 148.7) det=100.0% sharp=4601.7 size=24.0
  (402.6, 150.7) det=100.0% sharp=1670.6 size=24.0
  (398.8, 199.4) det=100.0% sharp=3042.1 size=24.0
  (347.3, 198.4) det=100.0% sharp=2120.1 size=24.0
  (451.7, 200.8) det=100.0% sharp=2691.1 size=23.8
  (148.9, 99.1) det=100.0% sharp=3271.6 size=23.8
  (200.1, 49.8) det=100.0% sharp=2301.0 size=23.3
  (341.7, 243.6) det=100.0% sharp=3381.3 size=24.5
  (292.8, 194.7) det=100.0% sharp=4581.3 size=24.3
  (100.0, 49.8) det=100.0% sharp=3638.6 size=24.3
  (197.6, 147.9) det=100.0% sharp=4207.0 size=24.3
  (432.4, 239.1) det=100.0% sharp=2904.8 size=23.5
  (196.5, 97.8) det=100.0% sharp=6717.7 size=24.0
  (386.6, 240.7) det=100.0% sharp=3541.4 size=24.0
  (520.1, 234.7) det=100.0% sharp=2080.1 size=24.0
  (49.8, -0.2) det=100.0% sharp=5387.4 size=24.0
  (339.1, 192.8) det=100.0% sharp=4448.4 size=24.0
  (291.3, 144.9) det=100.0% sharp=3777.4 size=24.0
  (384.1, 190.9) det=100.0% sharp=3051.3 size=24.0
  (244.9, 146.4) det=100.0% sharp=3836.5 size=24.0
  (0.1, 0.0) det=100.0% sharp=3082.0 size=24.0
  (50.0, 50.2) det=100.0% sharp=3201.9 size=24.0
  (148.8, 49.5) det=100.0% sharp=2952.3 size=24.0
  (100.1, 0.2) det=100.0% sharp=2904.6 size=24.0
  (337.8, 143.8) det=100.0% sharp=1939.6 size=23.5
  (383.7, 142.6) det=100.0% sharp=1656.5 size=23.8
  (429.8, 189.7) det=100.0% sharp=2695.0 size=23.8
  (243.9, 48.1) det=100.0% sharp=1734.3 size=23.5
  (476.6, 236.8) det=100.0% sharp=2255.7 size=23.8
  (148.6, 98.9) det=100.0% sharp=2867.3 size=23.8
  (149.0, 0.3) det=100.0% sharp=3030.5 size=23.8
  (196.6, 48.8) det=100.0% sharp=4504.2 size=23.5
  (340.7, 243.2) det=100.0% sharp=3186.8 size=24.5
  (198.0, 99.0) det=100.0% sharp=5584.9 size=24.3
  (196.8, 147.5) det=100.0% sharp=3649.7 size=24.3
  (528.9, 239.9) det=100.0% sharp=1832.9 size=23.5
  (386.6, 241.4) det=100.0% sharp=3477.1 size=24.0
  (433.9, 240.9) det=100.0% sharp=2513.8 size=24.0
  (435.4, 193.2) det=100.0% sharp=2724.7 size=23.8
  (341.7, 146.3) det=100.0% sharp=2567.8 size=23.5
  (199.0, 50.1) det=100.0% sharp=3886.7 size=23.5
  (339.8, 242.3) det=100.0% sharp=3236.7 size=24.5
  (197.1, 147.5) det=100.0% sharp=3221.2 size=24.5
  (341.1, 194.7) det=100.0% sharp=3432.5 size=24.3
  (534.4, 242.6) det=100.0% sharp=2959.5 size=24.0
  (390.5, 195.3) det=100.0% sharp=4632.9 size=24.0
  (197.8, 98.9) det=100.0% sharp=5761.1 size=24.0
  (246.1, 147.7) det=100.0% sharp=2975.9 size=24.0
  (438.8, 194.8) det=100.0% sharp=3316.0 size=23.0
  (343.6, 147.3) det=100.0% sharp=3884.7 size=23.8
  (149.6, -0.7) det=100.0% sharp=2309.7 size=23.3
  (247.1, 99.0) det=100.0% sharp=3555.7 size=23.8
  (248.9, 49.5) det=100.0% sharp=1564.0 size=23.5
  (199.3, 50.1) det=100.0% sharp=2335.4 size=23.5
  (339.8, 194.1) det=100.0% sharp=3470.0 size=24.3
  (245.0, 97.9) det=100.0% sharp=2318.4 size=23.0
  (425.2, 235.5) det=100.0% sharp=2401.1 size=23.8
  (148.4, -0.4) det=100.0% sharp=2374.8 size=23.3
  (148.4, 49.6) det=100.0% sharp=3123.1 size=23.8
  (513.1, 232.0) det=100.0% sharp=2724.9 size=24.5
  (337.5, 240.7) det=100.0% sharp=3261.0 size=24.5
  (290.7, 193.4) det=100.0% sharp=2910.9 size=23.5
  (381.1, 237.5) det=100.0% sharp=3392.7 size=24.0
  (243.3, 48.2) det=100.0% sharp=1502.5 size=23.5
  (196.2, 97.8) det=100.0% sharp=6245.1 size=24.0
  (470.1, 234.1) det=100.0% sharp=2277.1 size=24.0
  (424.9, 187.9) det=100.0% sharp=2771.8 size=23.8
  (148.0, 98.5) det=100.0% sharp=2626.1 size=23.8
  (149.0, 0.3) det=100.0% sharp=3237.0 size=23.8
  (197.1, 49.5) det=100.0% sharp=4700.4 size=23.5
  (198.3, 148.4) det=100.0% sharp=3610.5 size=24.5
  (343.8, 244.9) det=100.0% sharp=3221.0 size=24.3
  (535.6, 242.5) det=100.0% sharp=1617.1 size=24.0
  (295.3, 196.3) det=100.0% sharp=3880.6 size=24.0
  (344.5, 147.3) det=100.0% sharp=2013.7 size=23.3
  (440.1, 194.7) det=100.0% sharp=2085.6 size=23.0
  (149.8, -0.3) det=100.0% sharp=3298.2 size=23.5
  (338.4, 193.1) det=100.0% sharp=2155.7 size=24.0
  (196.4, 98.1) det=100.0% sharp=6245.3 size=24.0
  (244.1, 48.3) det=100.0% sharp=3269.7 size=23.8
  (338.4, 192.6) det=100.0% sharp=3815.3 size=24.3
  (245.4, 146.8) det=100.0% sharp=3122.2 size=24.0
  (527.9, 239.3) det=100.0% sharp=2938.9 size=24.0
  (527.5, 239.3) det=100.0% sharp=1693.6 size=24.0
  (476.2, 236.6) det=100.0% sharp=3401.7 size=24.0
  (385.1, 191.6) det=100.0% sharp=4803.8 size=24.0
  (197.1, 48.9) det=100.0% sharp=3946.8 size=23.5
  (387.9, 193.9) det=100.0% sharp=4842.6 size=24.0
  (390.4, 146.1) det=100.0% sharp=1734.2 size=23.8
  (433.3, 240.5) det=100.0% sharp=2334.4 size=23.5
  (344.2, 196.7) det=100.0% sharp=3811.1 size=24.5
  (343.7, 245.6) det=100.0% sharp=3169.4 size=24.3
  (393.0, 245.5) det=100.0% sharp=3417.7 size=24.3
  (149.1, 99.5) det=100.0% sharp=2734.0 size=24.0
  (542.3, 246.3) det=100.0% sharp=2964.8 size=23.8
  (394.0, 196.9) det=100.0% sharp=4891.3 size=23.8
  (442.8, 196.5) det=100.0% sharp=3622.3 size=23.5
  (295.3, 196.9) det=100.0% sharp=4024.8 size=23.8
  (441.8, 245.4) det=100.0% sharp=2159.1 size=23.5
  (491.8, 245.7) det=100.0% sharp=2216.3 size=23.8
  (149.7, -0.7) det=100.0% sharp=3397.6 size=23.5
  (199.3, 49.8) det=100.0% sharp=4631.6 size=23.5
  (248.0, 99.4) det=100.0% sharp=4082.6 size=23.5
  (451.9, 200.8) det=100.0% sharp=1850.3 size=23.0
  (150.2, -0.9) det=100.0% sharp=2328.8 size=23.3
  (197.2, 49.6) det=100.0% sharp=4658.7 size=23.3
  (196.6, 49.3) det=100.0% sharp=3281.4 size=23.3
  (529.3, 240.3) det=100.0% sharp=2806.0 size=23.8
  (292.6, 146.1) det=100.0% sharp=3790.3 size=24.0
  (435.5, 193.1) det=100.0% sharp=2554.5 size=23.5
  (293.3, 195.4) det=100.0% sharp=2836.6 size=23.5
  (436.0, 193.5) det=100.0% sharp=4380.1 size=23.8
  (340.4, 194.3) det=100.0% sharp=3649.0 size=23.8
  (247.0, 49.0) det=100.0% sharp=1652.5 size=23.5
  (390.2, 146.0) det=100.0% sharp=1851.8 size=23.8
  (482.2, 240.8) det=100.0% sharp=2080.0 size=23.8
  (243.6, 48.0) det=100.0% sharp=3716.0 size=24.0
  (196.1, 48.6) det=100.0% sharp=3108.4 size=23.5
  (336.4, 239.8) det=100.0% sharp=3254.8 size=24.3
  (382.5, 190.7) det=100.0% sharp=4821.6 size=24.0
  (290.4, 144.8) det=100.0% sharp=6075.9 size=24.0
  (473.3, 235.7) det=100.0% sharp=3229.6 size=24.0
  (518.3, 234.5) det=100.0% sharp=2675.2 size=24.0
  (243.1, 145.5) det=100.0% sharp=3117.4 size=24.0
  (148.4, 98.8) det=100.0% sharp=2670.8 size=24.0
  (427.3, 236.5) det=100.0% sharp=2244.0 size=24.0
  (428.2, 189.5) det=100.0% sharp=2207.7 size=23.3
  (290.1, 192.9) det=100.0% sharp=3835.6 size=23.8
  (243.6, 97.2) det=100.0% sharp=2158.5 size=23.3
  (197.5, 49.5) det=100.0% sharp=4517.6 size=23.3
  (493.9, 247.3) det=100.0% sharp=3199.8 size=24.0
  (545.6, 248.6) det=100.0% sharp=1510.1 size=24.0
  (446.8, 199.0) det=100.0% sharp=4491.2 size=23.8
  (150.2, -0.9) det=100.0% sharp=2381.5 size=23.3
  (400.2, 150.3) det=100.0% sharp=1716.3 size=23.8
  (442.1, 246.0) det=100.0% sharp=2268.9 size=23.5
  (196.3, 146.9) det=100.0% sharp=3571.4 size=24.5
  (336.8, 239.8) det=100.0% sharp=3210.0 size=24.3
  (382.5, 238.3) det=100.0% sharp=3391.9 size=24.3
  (517.8, 234.2) det=100.0% sharp=2871.5 size=24.3
  (195.9, 97.7) det=100.0% sharp=5808.5 size=24.0
  (337.2, 144.1) det=100.0% sharp=1796.9 size=23.5
  (427.3, 188.8) det=100.0% sharp=2557.9 size=23.5
  (335.8, 191.3) det=100.0% sharp=3922.5 size=24.0
  (148.8, -0.5) det=100.0% sharp=3365.3 size=23.5
  (196.7, 48.8) det=100.0% sharp=2924.0 size=23.5
  (338.5, 192.6) det=100.0% sharp=3868.9 size=24.0
  (383.8, 142.8) det=100.0% sharp=1657.8 size=23.5
  (197.4, 49.3) det=100.0% sharp=4666.9 size=23.3
  (386.8, 144.5) det=100.0% sharp=1672.7 size=23.5
  (435.0, 192.8) det=100.0% sharp=2921.0 size=23.3
  (425.2, 235.4) det=100.0% sharp=2093.2 size=24.0
  (424.0, 187.3) det=100.0% sharp=1832.1 size=23.3
  (381.1, 142.0) det=100.0% sharp=1804.0 size=23.8
  (196.3, 48.8) det=100.0% sharp=4861.6 size=23.8
  (519.3, 234.4) det=100.0% sharp=1781.7 size=24.0
  (429.6, 189.6) det=100.0% sharp=1819.0 size=23.0
  (434.6, 241.2) det=100.0% sharp=2143.0 size=24.0
  (435.0, 192.9) det=100.0% sharp=1819.4 size=23.3
  (246.8, 48.7) det=100.0% sharp=1644.6 size=23.8
  (149.4, -0.3) det=100.0% sharp=3052.3 size=23.5
  (341.6, 146.3) det=100.0% sharp=1963.6 size=23.3
  (517.6, 234.2) det=100.0% sharp=2663.6 size=24.5
  (473.0, 235.7) det=100.0% sharp=2174.6 size=24.0
  (197.1, 49.1) det=100.0% sharp=5009.9 size=23.5
  (244.1, 97.5) det=100.0% sharp=3982.9 size=23.5
  (382.0, 238.2) det=100.0% sharp=3359.6 size=24.5
  (335.0, 190.9) det=100.0% sharp=3962.9 size=24.0
  (425.8, 235.7) det=100.0% sharp=2174.8 size=24.0
  (242.6, 96.7) det=100.0% sharp=2246.5 size=23.3
  (424.1, 187.3) det=100.0% sharp=2648.6 size=23.5
  (195.5, 48.5) det=100.0% sharp=1336.5 size=23.0
  (251.7, 151.1) det=100.0% sharp=3161.6 size=24.3
  (357.0, 255.5) det=100.0% sharp=3323.8 size=24.3
  (353.9, 202.3) det=100.0% sharp=3858.2 size=24.0
  (513.0, 256.1) det=100.0% sharp=2195.5 size=24.0
  (457.4, 202.3) det=100.0% sharp=2572.9 size=23.5
  (460.5, 255.7) det=100.0% sharp=2245.5 size=23.8
  (200.4, 49.8) det=100.0% sharp=5021.9 size=23.5
  (250.7, 100.0) det=100.0% sharp=2072.2 size=23.3

